#
# There is insufficient memory for the Java Runtime Environment to continue.
# Native memory allocation (malloc) failed to allocate 579776 bytes for Chunk::new
# Possible reasons:
#   The system is out of physical RAM or swap space
#   The process is running with CompressedOops enabled, and the Java Heap may be blocking the growth of the native heap
# Possible solutions:
#   Reduce memory load on the system
#   Increase physical memory or swap space
#   Check if swap backing store is full
#   Decrease Java heap size (-Xmx/-Xms)
#   Decrease number of Java threads
#   Decrease Java thread stack sizes (-Xss)
#   Set larger code cache with -XX:ReservedCodeCacheSize=
#   JVM is running with Unscaled Compressed Oops mode in which the Java heap is
#     placed in the first 4GB address space. The Java Heap base address is the
#     maximum limit for the native heap growth. Please use -XX:HeapBaseMinAddress
#     to set the Java Heap base and to place the Java Heap above 4GB virtual address.
# This output file may be truncated or incomplete.
#
#  Out of Memory Error (allocation.cpp:389), pid=6868, tid=0x0000000000005eac
#
# JRE version: Java(TM) SE Runtime Environment (8.0_212-b10) (build 1.8.0_212-b10)
# Java VM: Java HotSpot(TM) 64-Bit Server VM (25.212-b10 mixed mode windows-amd64 compressed oops)
# Failed to write core dump. Minidumps are not enabled by default on client versions of Windows
#

---------------  T H R E A D  ---------------

Current thread (0x0000000019c3a000):  JavaThread "C2 CompilerThread2" daemon [_thread_in_native, id=24236, stack(0x000000001a700000,0x000000001a800000)]

Stack: [0x000000001a700000,0x000000001a800000]
[error occurred during error reporting (printing stack bounds), id 0xc0000005]

Native frames: (J=compiled Java code, j=interpreted, Vv=VM code, C=native code)


Current CompileTask:
C2:    534  489   !   4       sun.awt.image.PNGImageDecoder::produceImage (1916 bytes)


---------------  P R O C E S S  ---------------

Java Threads: ( => current thread )
  0x000000001ad50000 JavaThread "Image Fetcher 0" daemon [_thread_in_Java, id=20928, stack(0x00000000228e0000,0x00000000229e0000)]
  0x0000000002d02800 JavaThread "DestroyJavaVM" [_thread_blocked, id=4316, stack(0x0000000002c00000,0x0000000002d00000)]
  0x000000001ac79000 JavaThread "AWT-EventQueue-0" [_thread_blocked, id=6048, stack(0x000000001b8b0000,0x000000001b9b0000)]
  0x000000001ac76800 JavaThread "AWT-Windows" daemon [_thread_in_native, id=4500, stack(0x000000001b640000,0x000000001b740000)]
  0x000000001ac87000 JavaThread "AWT-Shutdown" [_thread_blocked, id=23132, stack(0x000000001b540000,0x000000001b640000)]
  0x000000001ac86000 JavaThread "Java2D Disposer" daemon [_thread_blocked, id=17128, stack(0x000000001b440000,0x000000001b540000)]
  0x0000000019cd3000 JavaThread "Service Thread" daemon [_thread_blocked, id=1096, stack(0x000000001a900000,0x000000001aa00000)]
  0x0000000019c3d800 JavaThread "C1 CompilerThread3" daemon [_thread_blocked, id=17296, stack(0x000000001a800000,0x000000001a900000)]
=>0x0000000019c3a000 JavaThread "C2 CompilerThread2" daemon [_thread_in_native, id=24236, stack(0x000000001a700000,0x000000001a800000)]
  0x0000000019c2e000 JavaThread "C2 CompilerThread1" daemon [_thread_in_native, id=17172, stack(0x000000001a600000,0x000000001a700000)]
  0x0000000019c2a800 JavaThread "C2 CompilerThread0" daemon [_thread_blocked, id=11180, stack(0x000000001a500000,0x000000001a600000)]
  0x0000000019c29000 JavaThread "Attach Listener" daemon [_thread_blocked, id=14492, stack(0x000000001a400000,0x000000001a500000)]
  0x0000000019c28000 JavaThread "Signal Dispatcher" daemon [_thread_blocked, id=23844, stack(0x000000001a300000,0x000000001a400000)]
  0x0000000002df9000 JavaThread "Finalizer" daemon [_thread_blocked, id=5904, stack(0x000000001a100000,0x000000001a200000)]
  0x0000000017dfd000 JavaThread "Reference Handler" daemon [_thread_blocked, id=8040, stack(0x000000001a000000,0x000000001a100000)]

Other Threads:
  0x0000000017df8800 VMThread [stack: 0x0000000019b00000,0x0000000019c00000] [id=20156]
  0x0000000019ce3800 WatcherThread [stack: 0x000000001aa00000,0x000000001ab00000] [id=11016]

VM state:not at safepoint (normal execution)

VM Mutex/Monitor currently owned by a thread: None

heap address: 0x0000000080c00000, size: 2036 MB, Compressed Oops mode: 32-bit
Narrow klass base: 0x0000000000000000, Narrow klass shift: 3
Compressed class space size: 1073741824 Address: 0x0000000100000000

Heap:
 PSYoungGen      total 38400K, used 14579K [0x00000000d5980000, 0x00000000d8400000, 0x0000000100000000)
  eden space 33280K, 43% used [0x00000000d5980000,0x00000000d67bcf08,0x00000000d7a00000)
  from space 5120K, 0% used [0x00000000d7f00000,0x00000000d7f00000,0x00000000d8400000)
  to   space 5120K, 0% used [0x00000000d7a00000,0x00000000d7a00000,0x00000000d7f00000)
 ParOldGen       total 87552K, used 0K [0x0000000080c00000, 0x0000000086180000, 0x00000000d5980000)
  object space 87552K, 0% used [0x0000000080c00000,0x0000000080c00000,0x0000000086180000)
 Metaspace       used 9311K, capacity 9542K, committed 9600K, reserved 1056768K
  class space    used 1313K, capacity 1401K, committed 1408K, reserved 1048576K

Card table byte_map: [0x00000000121c0000,0x00000000125c0000] byte_map_base: 0x0000000011dba000

Marking Bits: (ParMarkBitMap*) 0x0000000060fa5ce0
 Begin Bits: [0x0000000013070000, 0x0000000015040000)
 End Bits:   [0x0000000015040000, 0x0000000017010000)

Polling page: 0x0000000000da0000

CodeCache: size=245760Kb used=2342Kb max_used=2351Kb free=243417Kb
 bounds [0x0000000002e00000, 0x0000000003070000, 0x0000000011e00000]
 total_blobs=898 nmethods=508 adapters=303
 compilation: enabled

Compilation events (10 events):
Event: 0.512 Thread 0x0000000019c3d800 nmethod 504% 0x0000000003042450 code [0x00000000030426e0, 0x0000000003043bf8]
Event: 0.513 Thread 0x0000000019c3d800  505       3       java.awt.image.AreaAveragingScaleFilter::accumPixels (551 bytes)
Event: 0.514 Thread 0x0000000019c3d800 nmethod 505 0x0000000003044e90 code [0x0000000003045100, 0x0000000003046218]
Event: 0.515 Thread 0x0000000019c2a800  506 %     4       java.awt.image.AreaAveragingScaleFilter::accumPixels @ 161 (551 bytes)
Event: 0.516 Thread 0x0000000019c3d800  507       3       sun.awt.image.ImageDecoder::setPixels (58 bytes)
Event: 0.516 Thread 0x0000000019c3d800 nmethod 507 0x0000000003047150 code [0x0000000003047300, 0x0000000003047b68]
Event: 0.518 Thread 0x0000000019c2e000  508       4       java.lang.Math::round (56 bytes)
Event: 0.519 Thread 0x0000000019c2e000 nmethod 508 0x0000000003041310 code [0x0000000003041440, 0x00000000030414f8]
Event: 0.522 Thread 0x0000000019c3d800  509       3       java.awt.image.AreaAveragingScaleFilter::setPixels (45 bytes)
Event: 0.522 Thread 0x0000000019c3d800 nmethod 509 0x0000000003038b50 code [0x0000000003038cc0, 0x0000000003038f18]

GC Heap History (0 events):
No events

Deoptimization events (2 events):
Event: 0.331 Thread 0x000000001ac79000 Uncommon trap: reason=null_check action=make_not_entrant pc=0x0000000002f832a0 method=java.lang.String.equals(Ljava/lang/Object;)Z @ 8
Event: 0.489 Thread 0x000000001ad50000 Uncommon trap: reason=unstable_if action=reinterpret pc=0x0000000003037258 method=sun.awt.image.ImageRepresentation.getOpaqueRGBImage()Ljava/awt/image/BufferedImage; @ 57

Classes redefined (0 events):
No events

Internal exceptions (10 events):
Event: 0.030 Thread 0x0000000002d02800 Exception <a 'java/lang/NoSuchMethodError': Method sun.misc.Unsafe.prefetchRead(Ljava/lang/Object;J)V name or signature does not match> (0x00000000d5987f98) thrown at [C:\re\workspace\8-2-build-windows-amd64-cygwin\jdk8u212\12974\hotspot\src\share\vm\prim
Event: 0.137 Thread 0x0000000002d02800 Exception <a 'java/security/PrivilegedActionException'> (0x00000000d5b1e188) thrown at [C:\re\workspace\8-2-build-windows-amd64-cygwin\jdk8u212\12974\hotspot\src\share\vm\prims\jvm.cpp, line 1502]
Event: 0.137 Thread 0x0000000002d02800 Exception <a 'java/security/PrivilegedActionException'> (0x00000000d5b1e398) thrown at [C:\re\workspace\8-2-build-windows-amd64-cygwin\jdk8u212\12974\hotspot\src\share\vm\prims\jvm.cpp, line 1502]
Event: 0.138 Thread 0x0000000002d02800 Exception <a 'java/security/PrivilegedActionException'> (0x00000000d5b222a8) thrown at [C:\re\workspace\8-2-build-windows-amd64-cygwin\jdk8u212\12974\hotspot\src\share\vm\prims\jvm.cpp, line 1502]
Event: 0.138 Thread 0x0000000002d02800 Exception <a 'java/security/PrivilegedActionException'> (0x00000000d5b224b8) thrown at [C:\re\workspace\8-2-build-windows-amd64-cygwin\jdk8u212\12974\hotspot\src\share\vm\prims\jvm.cpp, line 1502]
Event: 0.144 Thread 0x0000000002d02800 Exception <a 'java/io/FileNotFoundException'> (0x00000000d5b24788) thrown at [C:\re\workspace\8-2-build-windows-amd64-cygwin\jdk8u212\12974\hotspot\src\share\vm\prims\jni.cpp, line 710]
Event: 0.182 Thread 0x0000000002d02800 Exception <a 'java/lang/NoSuchFieldError': method resolution failed> (0x00000000d5bf5048) thrown at [C:\re\workspace\8-2-build-windows-amd64-cygwin\jdk8u212\12974\hotspot\src\share\vm\prims\methodHandles.cpp, line 1167]
Event: 0.184 Thread 0x0000000002d02800 Exception <a 'java/lang/NoSuchFieldError': method resolution failed> (0x00000000d5c02418) thrown at [C:\re\workspace\8-2-build-windows-amd64-cygwin\jdk8u212\12974\hotspot\src\share\vm\prims\methodHandles.cpp, line 1167]
Event: 0.246 Thread 0x000000001ac79000 Exception <a 'java/io/FileNotFoundException'> (0x00000000d5d762c8) thrown at [C:\re\workspace\8-2-build-windows-amd64-cygwin\jdk8u212\12974\hotspot\src\share\vm\prims\jni.cpp, line 710]
Event: 0.331 Thread 0x000000001ac79000 Implicit null exception at 0x0000000002f830e2 to 0x0000000002f83291

Events (10 events):
Event: 0.490 loading class java/awt/image/AreaAveragingScaleFilter
Event: 0.490 loading class java/awt/image/ReplicateScaleFilter
Event: 0.490 loading class java/awt/image/ImageFilter
Event: 0.490 loading class java/awt/image/ImageFilter done
Event: 0.490 Executing VM operation: Deoptimize
Event: 0.491 Executing VM operation: Deoptimize done
Event: 0.491 loading class java/awt/image/ReplicateScaleFilter done
Event: 0.491 loading class java/awt/image/AreaAveragingScaleFilter done
Event: 0.491 loading class java/awt/image/FilteredImageSource
Event: 0.491 loading class java/awt/image/FilteredImageSource done


Dynamic libraries:
0x00007ff727d90000 - 0x00007ff727dc7000 	C:\Program Files\Java\jdk1.8.0_212\bin\javaw.exe
0x00007ffe192a0000 - 0x00007ffe1948d000 	C:\WINDOWS\SYSTEM32\ntdll.dll
0x00007ffe18380000 - 0x00007ffe18433000 	C:\WINDOWS\System32\KERNEL32.DLL
0x00007ffe15370000 - 0x00007ffe15603000 	C:\WINDOWS\System32\KERNELBASE.dll
0x00007ffe188c0000 - 0x00007ffe18963000 	C:\WINDOWS\System32\ADVAPI32.dll
0x00007ffe165b0000 - 0x00007ffe1664e000 	C:\WINDOWS\System32\msvcrt.dll
0x00007ffe16650000 - 0x00007ffe166ee000 	C:\WINDOWS\System32\sechost.dll
0x00007ffe18250000 - 0x00007ffe18372000 	C:\WINDOWS\System32\RPCRT4.dll
0x00007ffe18aa0000 - 0x00007ffe18c37000 	C:\WINDOWS\System32\USER32.dll
0x00007ffe15610000 - 0x00007ffe15630000 	C:\WINDOWS\System32\win32u.dll
0x00007ffe164d0000 - 0x00007ffe164f9000 	C:\WINDOWS\System32\GDI32.dll
0x00007ffe16130000 - 0x00007ffe162c9000 	C:\WINDOWS\System32\gdi32full.dll
0x00007ffe16070000 - 0x00007ffe16110000 	C:\WINDOWS\System32\msvcp_win.dll
0x00007ffe163d0000 - 0x00007ffe164ca000 	C:\WINDOWS\System32\ucrtbase.dll
0x00007ffe0a420000 - 0x00007ffe0a699000 	C:\WINDOWS\WinSxS\amd64_microsoft.windows.common-controls_6595b64144ccf1df_6.0.17763.615_none_05b4414a072024d4\COMCTL32.dll
0x00007ffe16a20000 - 0x00007ffe16d4c000 	C:\WINDOWS\System32\combase.dll
0x00007ffe15630000 - 0x00007ffe156ae000 	C:\WINDOWS\System32\bcryptPrimitives.dll
0x00007ffe19240000 - 0x00007ffe1926e000 	C:\WINDOWS\System32\IMM32.DLL
0x0000000061c20000 - 0x0000000061cf2000 	C:\Program Files\Java\jdk1.8.0_212\jre\bin\msvcr100.dll
0x0000000060780000 - 0x0000000061025000 	C:\Program Files\Java\jdk1.8.0_212\jre\bin\server\jvm.dll
0x00007ffe18f40000 - 0x00007ffe18f48000 	C:\WINDOWS\System32\PSAPI.DLL
0x00007ffe00f80000 - 0x00007ffe00f89000 	C:\WINDOWS\SYSTEM32\WSOCK32.dll
0x00007ffe0e280000 - 0x00007ffe0e28a000 	C:\WINDOWS\SYSTEM32\VERSION.dll
0x00007ffe12d40000 - 0x00007ffe12d64000 	C:\WINDOWS\SYSTEM32\WINMM.dll
0x00007ffe18d70000 - 0x00007ffe18ddd000 	C:\WINDOWS\System32\WS2_32.dll
0x00007ffe12c20000 - 0x00007ffe12c4d000 	C:\WINDOWS\SYSTEM32\winmmbase.dll
0x00007ffe16380000 - 0x00007ffe163ca000 	C:\WINDOWS\System32\cfgmgr32.dll
0x00007ffe12e50000 - 0x00007ffe12e5f000 	C:\Program Files\Java\jdk1.8.0_212\jre\bin\verify.dll
0x00007ffe0ffb0000 - 0x00007ffe0ffd9000 	C:\Program Files\Java\jdk1.8.0_212\jre\bin\java.dll
0x00007ffe0ff90000 - 0x00007ffe0ffa6000 	C:\Program Files\Java\jdk1.8.0_212\jre\bin\zip.dll
0x00007ffe16d60000 - 0x00007ffe18250000 	C:\WINDOWS\System32\SHELL32.dll
0x00007ffe16500000 - 0x00007ffe165a8000 	C:\WINDOWS\System32\shcore.dll
0x00007ffe158f0000 - 0x00007ffe1603a000 	C:\WINDOWS\System32\windows.storage.dll
0x00007ffe15300000 - 0x00007ffe15324000 	C:\WINDOWS\System32\profapi.dll
0x00007ffe152a0000 - 0x00007ffe152fd000 	C:\WINDOWS\System32\powrprof.dll
0x00007ffe18c40000 - 0x00007ffe18c92000 	C:\WINDOWS\System32\shlwapi.dll
0x00007ffe15350000 - 0x00007ffe15361000 	C:\WINDOWS\System32\kernel.appcore.dll
0x00007ffe16110000 - 0x00007ffe16127000 	C:\WINDOWS\System32\cryptsp.dll
0x00007ffdf5550000 - 0x00007ffdf56e9000 	C:\Program Files\Java\jdk1.8.0_212\jre\bin\awt.dll
0x00007ffe19170000 - 0x00007ffe19234000 	C:\WINDOWS\System32\OLEAUT32.dll
0x00007ffe12eb0000 - 0x00007ffe12f3c000 	C:\WINDOWS\SYSTEM32\apphelp.dll
0x00007ffe130f0000 - 0x00007ffe1318c000 	C:\WINDOWS\system32\uxtheme.dll
0x00007ffe16850000 - 0x00007ffe169bb000 	C:\WINDOWS\System32\MSCTF.dll
0x00007ffe13500000 - 0x00007ffe1352e000 	C:\WINDOWS\system32\dwmapi.dll
0x00007ffe156b0000 - 0x00007ffe1588b000 	C:\WINDOWS\System32\CRYPT32.dll
0x00007ffe15330000 - 0x00007ffe15342000 	C:\WINDOWS\System32\MSASN1.dll
0x00007ffe166f0000 - 0x00007ffe16845000 	C:\WINDOWS\System32\ole32.dll
0x00007ffe048c0000 - 0x00007ffe049e7000 	C:\WINDOWS\system32\opengl32.dll
0x00007ffe0df60000 - 0x00007ffe0df8c000 	C:\WINDOWS\SYSTEM32\GLU32.dll
0x00007ffddd610000 - 0x00007ffddd7ae000 	C:\WINDOWS\system32\d3d9.dll
0x00007ffdabee0000 - 0x00007ffdacf83000 	C:\WINDOWS\System32\DriverStore\FileRepository\nvblwu.inf_amd64_31f54e2d1ba058d5\nvd3dumx.dll

VM Arguments:
jvm_args: -Dfile.encoding=Cp1252 
java_command: frontEnd.Home
java_class_path (initial): C:\Users\Anthony\git\PROYECTO_FINAL_P1\Baseball_Simulator_Stats\bin;C:\Users\Anthony\git\PROYECTO_FINAL_P1\Libraries\NefAnimacion_V2.1_jdk18.jar;C:\Users\Anthony\git\PROYECTO_FINAL_P1\Libraries\RSCalendar.jar
Launcher Type: SUN_STANDARD

Environment Variables:
PATH=C:/Program Files/Java/jre1.8.0_221/bin/server;C:/Program Files/Java/jre1.8.0_221/bin;C:/Program Files/Java/jre1.8.0_221/lib/amd64;C:\Program Files (x86)\Common Files\Oracle\Java\javapath;C:\WinAVR-20100110\bin;C:\WinAVR-20100110\utils\bin;C:\Windows\system32;C:\Windows;C:\Windows\System32\Wbem;C:\Windows\System32\WindowsPowerShell\v1.0\;C:\Windows\System32\OpenSSH\;C:\MinGW\bin;C:\Users\Anthony\AppData\Local\Microsoft\WindowsApps;C:\Users\Anthony\AppData\Local\atom\bin;C:\adb;C:\Program Files\Intel\WiFi\bin\;C:\Program Files\Common Files\Intel\WirelessCommon\;C:\Program Files\PuTTY\;C:\WINDOWS\system32;C:\WINDOWS;C:\WINDOWS\System32\Wbem;C:\WINDOWS\System32\WindowsPowerShell\v1.0\;C:\WINDOWS\System32\OpenSSH\;C:\Users\Anthony\AppData\Local\Programs\Python\Python37\Scripts\;C:\Users\Anthony\AppData\Local\Programs\Python\Python37\;C:\Users\Anthony\AppData\Local\Microsoft\WindowsApps;C:\Program Files\Intel\WiFi\bin\;C:\Program Files\Common Files\Intel\WirelessCommon\;C:\Users\Anthony\AppData\Local\GitHubDesktop\bin;C:\Users\Anthony\AppData\Local\atom\bin;C:\Program Files\JetBrains\PyCharm Community Edition 2018.3.5\bin;;C:\Users\Anthony\AppData\Local\Programs\Microsoft VS Code\bin;;C:\Users\Anthony\AppData\Local\Microsoft\WindowsApps;C:\WINDOWS\system32;
USERNAME=Anthony
OS=Windows_NT
PROCESSOR_IDENTIFIER=Intel64 Family 6 Model 42 Stepping 7, GenuineIntel



---------------  S Y S T E M  ---------------

OS: Windows 10.0 , 64 bit Build 17763 (10.0.17763.475)

CPU:total 8 (initial active 8) (4 cores per cpu, 2 threads per core) family 6 model 42 stepping 7, cmov, cx8, fxsr, mmx, sse, sse2, sse3, ssse3, sse4.1, sse4.2, popcnt, avx, aes, clmul, ht, tsc, tscinvbit

Memory: 4k page, physical 8337768k(732236k free), swap 33503592k(5516k free)

vm_info: Java HotSpot(TM) 64-Bit Server VM (25.212-b10) for windows-amd64 JRE (1.8.0_212-b10), built on Apr  1 2019 22:50:23 by "java_re" with MS VC++ 10.0 (VS2010)

time: Wed Jul 31 12:01:44 2019
timezone: SA Western Standard Time
elapsed time: 0 seconds (0d 0h 0m 0s)

